<?xml version="1.0" encoding="UTF-8"?>
<!-- Generated by org.testng.reporters.JUnitReportReporter -->
<testsuite hostname="bcedbeecedffddaabcafcebcdecbdaddea-0" failures="0" tests="3" name="testcases.Testcase1" time="43.018" errors="0" timestamp="2023-11-07T04:59:56 UTC" skipped="0">
  <testcase classname="testcases.Testcase1" name="TestTodaysDeal" time="15.219"/>
  <testcase classname="testcases.Testcase1" name="TestProductClick" time="12.600"/>
  <testcase classname="testcases.Testcase1" name="AddCartTest" time="15.199"/>
</testsuite> <!-- testcases.Testcase1 -->
